[debug] [2026-04-14T10:06:04.372Z] ----------------------------------------------------------------------
[debug] [2026-04-14T10:06:04.375Z] Command:       C:\nvm4w\nodejs\node.exe C:\nvm4w\nodejs\node_modules\firebase-tools\lib\bin\firebase.js init
[debug] [2026-04-14T10:06:04.375Z] CLI Version:   15.14.0
[debug] [2026-04-14T10:06:04.375Z] Platform:      win32
[debug] [2026-04-14T10:06:04.376Z] Node Version:  v20.19.5
[debug] [2026-04-14T10:06:04.376Z] Time:          Tue Apr 14 2026 15:36:04 GMT+0530 (India Standard Time)
[debug] [2026-04-14T10:06:04.376Z] ----------------------------------------------------------------------
[debug] 
[info] 
     ######## #### ########  ######## ########     ###     ######  ########
     ##        ##  ##     ## ##       ##     ##  ##   ##  ##       ##
     ######    ##  ########  ######   ########  #########  ######  ######
     ##        ##  ##    ##  ##       ##     ## ##     ##       ## ##
     ##       #### ##     ## ######## ########  ##     ##  ######  ########

You're about to initialize a Firebase project in this directory:

  C:\Users\idris\food-truck-finder

[debug] [2026-04-14T10:06:05.667Z] ExitPromptError: User force closed the prompt with SIGINT
    at Interface.sigint (C:\Users\idris\AppData\Local\nvm\v20.19.5\node_modules\firebase-tools\node_modules\@inquirer\core\dist\commonjs\lib\create-prompt.js:101:37)
    at Interface.emit (node:events:524:28)
    at [_ttyWrite] [as _ttyWrite] (node:internal/readline/interface:1128:18)
    at ReadStream.onkeypress (node:internal/readline/interface:267:20)
    at ReadStream.emit (node:events:536:35)
    at emitKeys (node:internal/readline/utils:371:14)
    at emitKeys.next (<anonymous>)
    at ReadStream.onData (node:internal/readline/emitKeypressEvents:64:36)
    at ReadStream.emit (node:events:524:28)
    at addChunk (node:internal/streams/readable:561:12)
[error] 
[error] Error: An unexpected error has occurred.
